Streaming transaction logs mentioning 78D2NexR2uwVAauba88UrPs7cWKnJtvGyjKsUbqpdXsJ. Confirmed commitment
Transaction executed in slot 3:
  Signature: UpPwKfoaWLmfX6dbeUmQZPzN8reDiCsr7djU6bHkyGTMTVHbsfRjNnNyJt6BUGoMaeK8vAyMycF5WRkpfCN6XSp
  Status: Ok
  Log Messages:
    Program 78D2NexR2uwVAauba88UrPs7cWKnJtvGyjKsUbqpdXsJ invoke [1]
    Program log: Instruction: CreateToken
    Program 11111111111111111111111111111111 invoke [2]
    Program 11111111111111111111111111111111 success
    Program TokenkegQfeZyiNwAJbNbGKPFXCWuBvf9Ss623VQ5DA invoke [2]
    Program log: Instruction: InitializeMint
    Program TokenkegQfeZyiNwAJbNbGKPFXCWuBvf9Ss623VQ5DA consumed 2968 of 192527 compute units
    Program TokenkegQfeZyiNwAJbNbGKPFXCWuBvf9Ss623VQ5DA success
    Program ATokenGPvbdGVxr1b2hvZbsiqW5xWH25efTNsLJA8knL invoke [2]
    Program log: Create
    Program TokenkegQfeZyiNwAJbNbGKPFXCWuBvf9Ss623VQ5DA invoke [3]
    Program log: Instruction: GetAccountDataSize
    Program TokenkegQfeZyiNwAJbNbGKPFXCWuBvf9Ss623VQ5DA consumed 1622 of 175858 compute units
    Program return: TokenkegQfeZyiNwAJbNbGKPFXCWuBvf9Ss623VQ5DA pQAAAAAAAAA=
    Program TokenkegQfeZyiNwAJbNbGKPFXCWuBvf9Ss623VQ5DA success
    Program 11111111111111111111111111111111 invoke [3]
    Program 11111111111111111111111111111111 success
    Program log: Initialize the associated token account
    Program TokenkegQfeZyiNwAJbNbGKPFXCWuBvf9Ss623VQ5DA invoke [3]
    Program log: Instruction: InitializeImmutableOwner
    Program log: Please upgrade to SPL Token 2022 for immutable owner support
    Program TokenkegQfeZyiNwAJbNbGKPFXCWuBvf9Ss623VQ5DA consumed 1405 of 169218 compute units
    Program TokenkegQfeZyiNwAJbNbGKPFXCWuBvf9Ss623VQ5DA success
    Program TokenkegQfeZyiNwAJbNbGKPFXCWuBvf9Ss623VQ5DA invoke [3]
    Program log: Instruction: InitializeAccount3
    Program TokenkegQfeZyiNwAJbNbGKPFXCWuBvf9Ss623VQ5DA consumed 4241 of 165336 compute units
    Program TokenkegQfeZyiNwAJbNbGKPFXCWuBvf9Ss623VQ5DA success
    Program ATokenGPvbdGVxr1b2hvZbsiqW5xWH25efTNsLJA8knL consumed 21943 of 182755 compute units
    Program ATokenGPvbdGVxr1b2hvZbsiqW5xWH25efTNsLJA8knL success
    Program TokenkegQfeZyiNwAJbNbGKPFXCWuBvf9Ss623VQ5DA invoke [2]
    Program log: Instruction: MintTo
    Program TokenkegQfeZyiNwAJbNbGKPFXCWuBvf9Ss623VQ5DA consumed 4538 of 158202 compute units
    Program TokenkegQfeZyiNwAJbNbGKPFXCWuBvf9Ss623VQ5DA success
    Program 78D2NexR2uwVAauba88UrPs7cWKnJtvGyjKsUbqpdXsJ consumed 46613 of 200000 compute units
    Program 78D2NexR2uwVAauba88UrPs7cWKnJtvGyjKsUbqpdXsJ success
Transaction executed in slot 6:
  Signature: W9bHZtPnkXS4U4YRAZHVtWpWEp67ofKZKthJGxDt9YMnyo3inMsDbdtNoyYQsJ9s21wToMETdnfiVih5Bn1Mgfj
  Status: Ok
  Log Messages:
    Program 78D2NexR2uwVAauba88UrPs7cWKnJtvGyjKsUbqpdXsJ invoke [1]
    Program log: Instruction: TranserToken
    Program log: Started 90000000000 tokens transfer from account 2DwNyH4GH79pkChDcAcF4W8xTCaSiySkBaQac3Gkn6gs to 8w6riWR7HRZz7hk6bddZZziPW4nWUmJWFfC2bTVZyda
    Program TokenkegQfeZyiNwAJbNbGKPFXCWuBvf9Ss623VQ5DA invoke [2]
    Program log: Instruction: Transfer
    Program TokenkegQfeZyiNwAJbNbGKPFXCWuBvf9Ss623VQ5DA consumed 4645 of 169815 compute units
    Program TokenkegQfeZyiNwAJbNbGKPFXCWuBvf9Ss623VQ5DA success
    Program 78D2NexR2uwVAauba88UrPs7cWKnJtvGyjKsUbqpdXsJ consumed 35208 of 200000 compute units
    Program 78D2NexR2uwVAauba88UrPs7cWKnJtvGyjKsUbqpdXsJ success
Transaction executed in slot 7:
  Signature: 5R4hyf7uGEcFgf49P7ZJEKcc6XoBSj5Fn8hjDpt6bWgAwzFk3EmN4pCUCHLe3a549emd5wVrFG3y1eufYHVvBgMj
  Status: Ok
  Log Messages:
    Program 78D2NexR2uwVAauba88UrPs7cWKnJtvGyjKsUbqpdXsJ invoke [1]
    Program log: Instruction: BurnToken
    Program TokenkegQfeZyiNwAJbNbGKPFXCWuBvf9Ss623VQ5DA invoke [2]
    Program log: Instruction: Burn
    Program TokenkegQfeZyiNwAJbNbGKPFXCWuBvf9Ss623VQ5DA consumed 4753 of 194480 compute units
    Program TokenkegQfeZyiNwAJbNbGKPFXCWuBvf9Ss623VQ5DA success
    Program 78D2NexR2uwVAauba88UrPs7cWKnJtvGyjKsUbqpdXsJ consumed 10558 of 200000 compute units
    Program 78D2NexR2uwVAauba88UrPs7cWKnJtvGyjKsUbqpdXsJ success
